{"/home/lenny/Bureau/git/asynconf/backend/src/routes.ts": {"path":"/home/lenny/Bureau/git/asynconf/backend/src/routes.ts","statementMap":{"0":{"start":{"line":1,"column":0},"end":{"line":1,"column":42}},"1":{"start":{"line":2,"column":0},"end":{"line":2,"column":67}},"2":{"start":{"line":3,"column":0},"end":{"line":3,"column":65}},"3":{"start":{"line":5,"column":23},"end":{"line":5,"column":39}},"4":{"start":{"line":7,"column":0},"end":{"line":7,"column":59}},"5":{"start":{"line":9,"column":0},"end":{"line":9,"column":60}},"6":{"start":{"line":11,"column":0},"end":{"line":11,"column":22}}},"fnMap":{},"branchMap":{},"s":{"0":2,"1":2,"2":2,"3":2,"4":2,"5":2,"6":2},"f":{},"b":{}}
,"/home/lenny/Bureau/git/asynconf/backend/src/server.ts": {"path":"/home/lenny/Bureau/git/asynconf/backend/src/server.ts","statementMap":{"0":{"start":{"line":1,"column":0},"end":{"line":1,"column":66}},"1":{"start":{"line":2,"column":0},"end":{"line":2,"column":24}},"2":{"start":{"line":4,"column":0},"end":{"line":4,"column":30}},"3":{"start":{"line":6,"column":24},"end":{"line":6,"column":33}},"4":{"start":{"line":9,"column":20},"end":{"line":11,"column":2}},"5":{"start":{"line":12,"column":0},"end":{"line":12,"column":30}},"6":{"start":{"line":15,"column":0},"end":{"line":18,"column":3}},"7":{"start":{"line":16,"column":2},"end":{"line":16,"column":88}},"8":{"start":{"line":17,"column":2},"end":{"line":17,"column":9}},"9":{"start":{"line":21,"column":0},"end":{"line":21,"column":27}},"10":{"start":{"line":24,"column":0},"end":{"line":24,"column":19}},"11":{"start":{"line":27,"column":0},"end":{"line":30,"column":3}},"12":{"start":{"line":28,"column":25},"end":{"line":28,"column":28}},"13":{"start":{"line":29,"column":2},"end":{"line":29,"column":94}},"14":{"start":{"line":33,"column":0},"end":{"line":37,"column":3}},"15":{"start":{"line":34,"column":2},"end":{"line":36,"column":5}},"16":{"start":{"line":39,"column":0},"end":{"line":39,"column":22}}},"fnMap":{"0":{"name":"(anonymous_1)","decl":{"start":{"line":15,"column":11},"end":{"line":15,"column":12}},"loc":{"start":{"line":15,"column":69},"end":{"line":18,"column":1}}},"1":{"name":"(anonymous_2)","decl":{"start":{"line":27,"column":11},"end":{"line":27,"column":21}},"loc":{"start":{"line":27,"column":78},"end":{"line":30,"column":1}}},"2":{"name":"(anonymous_3)","decl":{"start":{"line":33,"column":11},"end":{"line":33,"column":21}},"loc":{"start":{"line":33,"column":29},"end":{"line":37,"column":1}}}},"branchMap":{"0":{"loc":{"start":{"line":29,"column":13},"end":{"line":29,"column":41}},"type":"binary-expr","locations":[{"start":{"line":29,"column":13},"end":{"line":29,"column":23}},{"start":{"line":29,"column":27},"end":{"line":29,"column":41}}]}},"s":{"0":2,"1":2,"2":2,"3":2,"4":2,"5":2,"6":2,"7":2,"8":2,"9":2,"10":2,"11":2,"12":0,"13":0,"14":2,"15":0,"16":2},"f":{"0":2,"1":0,"2":0},"b":{"0":[0,0]}}
,"/home/lenny/Bureau/git/asynconf/backend/src/controllers/question.controller.ts": {"path":"/home/lenny/Bureau/git/asynconf/backend/src/controllers/question.controller.ts","statementMap":{"0":{"start":{"line":3,"column":0},"end":{"line":3,"column":59}},"1":{"start":{"line":7,"column":8},"end":{"line":7,"column":64}},"2":{"start":{"line":5,"column":0},"end":{"line":5,"column":21}}},"fnMap":{"0":{"name":"(anonymous_1)","decl":{"start":{"line":6,"column":11},"end":{"line":6,"column":17}},"loc":{"start":{"line":6,"column":58},"end":{"line":8,"column":5}}}},"branchMap":{},"s":{"0":2,"1":1,"2":2},"f":{"0":1},"b":{}}
,"/home/lenny/Bureau/git/asynconf/backend/src/controllers/reponse.controller.ts": {"path":"/home/lenny/Bureau/git/asynconf/backend/src/controllers/reponse.controller.ts","statementMap":{"0":{"start":{"line":2,"column":0},"end":{"line":2,"column":57}},"1":{"start":{"line":6,"column":8},"end":{"line":6,"column":66}},"2":{"start":{"line":4,"column":0},"end":{"line":4,"column":21}}},"fnMap":{"0":{"name":"(anonymous_1)","decl":{"start":{"line":5,"column":11},"end":{"line":5,"column":17}},"loc":{"start":{"line":5,"column":60},"end":{"line":7,"column":5}}}},"branchMap":{},"s":{"0":2,"1":1,"2":2},"f":{"0":1},"b":{}}
,"/home/lenny/Bureau/git/asynconf/backend/src/services/question.service.ts": {"path":"/home/lenny/Bureau/git/asynconf/backend/src/services/question.service.ts","statementMap":{"0":{"start":{"line":1,"column":0},"end":{"line":1,"column":43}},"1":{"start":{"line":7,"column":20},"end":{"line":10,"column":54}},"2":{"start":{"line":11,"column":21},"end":{"line":11,"column":132}},"3":{"start":{"line":11,"column":75},"end":{"line":11,"column":119}},"4":{"start":{"line":11,"column":120},"end":{"line":11,"column":129}},"5":{"start":{"line":12,"column":8},"end":{"line":12,"column":20}},"6":{"start":{"line":4,"column":0},"end":{"line":4,"column":21}}},"fnMap":{"0":{"name":"(anonymous_1)","decl":{"start":{"line":6,"column":11},"end":{"line":6,"column":17}},"loc":{"start":{"line":6,"column":33},"end":{"line":13,"column":5}}},"1":{"name":"(anonymous_2)","decl":{"start":{"line":11,"column":53},"end":{"line":11,"column":54}},"loc":{"start":{"line":11,"column":72},"end":{"line":11,"column":131}}}},"branchMap":{},"s":{"0":2,"1":1,"2":1,"3":5,"4":5,"5":1,"6":2},"f":{"0":1,"1":5},"b":{}}
,"/home/lenny/Bureau/git/asynconf/backend/src/services/reponse.service.ts": {"path":"/home/lenny/Bureau/git/asynconf/backend/src/services/reponse.service.ts","statementMap":{"0":{"start":{"line":1,"column":0},"end":{"line":1,"column":43}},"1":{"start":{"line":6,"column":29},"end":{"line":6,"column":46}},"2":{"start":{"line":7,"column":8},"end":{"line":15,"column":null}},"3":{"start":{"line":8,"column":12},"end":{"line":8,"column":21}},"4":{"start":{"line":9,"column":15},"end":{"line":15,"column":null}},"5":{"start":{"line":10,"column":12},"end":{"line":10,"column":24}},"6":{"start":{"line":11,"column":15},"end":{"line":15,"column":null}},"7":{"start":{"line":12,"column":12},"end":{"line":12,"column":24}},"8":{"start":{"line":13,"column":15},"end":{"line":15,"column":null}},"9":{"start":{"line":14,"column":12},"end":{"line":14,"column":24}},"10":{"start":{"line":16,"column":8},"end":{"line":16,"column":20}},"11":{"start":{"line":20,"column":8},"end":{"line":20,"column":43}},"12":{"start":{"line":21,"column":20},"end":{"line":25,"column":77}},"13":{"start":{"line":25,"column":60},"end":{"line":25,"column":63}},"14":{"start":{"line":26,"column":21},"end":{"line":26,"column":63}},"15":{"start":{"line":27,"column":29},"end":{"line":27,"column":72}},"16":{"start":{"line":27,"column":53},"end":{"line":27,"column":71}},"17":{"start":{"line":28,"column":28},"end":{"line":28,"column":70}},"18":{"start":{"line":28,"column":52},"end":{"line":28,"column":69}},"19":{"start":{"line":29,"column":20},"end":{"line":29,"column":108}},"20":{"start":{"line":29,"column":49},"end":{"line":29,"column":56}},"21":{"start":{"line":29,"column":95},"end":{"line":29,"column":104}},"22":{"start":{"line":30,"column":8},"end":{"line":30,"column":135}},"23":{"start":{"line":30,"column":51},"end":{"line":30,"column":58}},"24":{"start":{"line":30,"column":97},"end":{"line":30,"column":106}},"25":{"start":{"line":3,"column":0},"end":{"line":3,"column":21}}},"fnMap":{"0":{"name":"(anonymous_1)","decl":{"start":{"line":5,"column":11},"end":{"line":5,"column":17}},"loc":{"start":{"line":5,"column":43},"end":{"line":17,"column":5}}},"1":{"name":"(anonymous_2)","decl":{"start":{"line":19,"column":11},"end":{"line":19,"column":17}},"loc":{"start":{"line":19,"column":42},"end":{"line":31,"column":5}}},"2":{"name":"(anonymous_3)","decl":{"start":{"line":25,"column":54},"end":{"line":25,"column":57}},"loc":{"start":{"line":25,"column":60},"end":{"line":25,"column":63}}},"3":{"name":"(anonymous_4)","decl":{"start":{"line":27,"column":41},"end":{"line":27,"column":42}},"loc":{"start":{"line":27,"column":53},"end":{"line":27,"column":71}}},"4":{"name":"(anonymous_5)","decl":{"start":{"line":28,"column":40},"end":{"line":28,"column":41}},"loc":{"start":{"line":28,"column":52},"end":{"line":28,"column":69}}},"5":{"name":"(anonymous_6)","decl":{"start":{"line":29,"column":37},"end":{"line":29,"column":38}},"loc":{"start":{"line":29,"column":49},"end":{"line":29,"column":56}}},"6":{"name":"(anonymous_7)","decl":{"start":{"line":29,"column":65},"end":{"line":29,"column":66}},"loc":{"start":{"line":29,"column":95},"end":{"line":29,"column":104}}},"7":{"name":"(anonymous_8)","decl":{"start":{"line":30,"column":39},"end":{"line":30,"column":40}},"loc":{"start":{"line":30,"column":51},"end":{"line":30,"column":58}}},"8":{"name":"(anonymous_9)","decl":{"start":{"line":30,"column":67},"end":{"line":30,"column":68}},"loc":{"start":{"line":30,"column":97},"end":{"line":30,"column":106}}}},"branchMap":{"0":{"loc":{"start":{"line":7,"column":8},"end":{"line":15,"column":null}},"type":"if","locations":[{"start":{"line":7,"column":8},"end":{"line":15,"column":null}},{"start":{"line":9,"column":15},"end":{"line":15,"column":null}}]},"1":{"loc":{"start":{"line":9,"column":15},"end":{"line":15,"column":null}},"type":"if","locations":[{"start":{"line":9,"column":15},"end":{"line":15,"column":null}},{"start":{"line":11,"column":15},"end":{"line":15,"column":null}}]},"2":{"loc":{"start":{"line":11,"column":15},"end":{"line":15,"column":null}},"type":"if","locations":[{"start":{"line":11,"column":15},"end":{"line":15,"column":null}},{"start":{"line":13,"column":15},"end":{"line":15,"column":null}}]},"3":{"loc":{"start":{"line":13,"column":15},"end":{"line":15,"column":null}},"type":"if","locations":[{"start":{"line":13,"column":15},"end":{"line":15,"column":null}}]}},"s":{"0":2,"1":1,"2":1,"3":0,"4":1,"5":0,"6":1,"7":1,"8":0,"9":0,"10":0,"11":1,"12":1,"13":5,"14":1,"15":1,"16":5,"17":1,"18":5,"19":1,"20":4,"21":4,"22":1,"23":1,"24":1,"25":2},"f":{"0":1,"1":1,"2":5,"3":5,"4":5,"5":4,"6":4,"7":1,"8":1},"b":{"0":[0,1],"1":[0,1],"2":[1,0],"3":[0]}}
,"/home/lenny/Bureau/git/asynconf/backend/test/question.mock.ts": {"path":"/home/lenny/Bureau/git/asynconf/backend/test/question.mock.ts","statementMap":{"0":{"start":{"line":1,"column":0},"end":{"line":27,"column":2}}},"fnMap":{},"branchMap":{},"s":{"0":1},"f":{},"b":{}}
,"/home/lenny/Bureau/git/asynconf/backend/test/reponse.mock.ts": {"path":"/home/lenny/Bureau/git/asynconf/backend/test/reponse.mock.ts","statementMap":{"0":{"start":{"line":1,"column":0},"end":{"line":22,"column":2}}},"fnMap":{},"branchMap":{},"s":{"0":1},"f":{},"b":{}}
}
