TN:
SF:src/routes.ts
FNF:0
FNH:0
DA:1,2
DA:2,2
DA:3,2
DA:5,2
DA:7,2
DA:9,2
DA:11,2
LF:7
LH:7
BRF:0
BRH:0
end_of_record
TN:
SF:src/server.ts
FN:15,(anonymous_1)
FN:27,(anonymous_2)
FN:33,(anonymous_3)
FNF:3
FNH:1
FNDA:2,(anonymous_1)
FNDA:0,(anonymous_2)
FNDA:0,(anonymous_3)
DA:1,2
DA:2,2
DA:4,2
DA:6,2
DA:9,2
DA:12,2
DA:15,2
DA:16,2
DA:17,2
DA:21,2
DA:24,2
DA:27,2
DA:28,0
DA:29,0
DA:33,2
DA:34,0
DA:39,2
LF:17
LH:14
BRDA:29,0,0,0
BRDA:29,0,1,0
BRF:2
BRH:0
end_of_record
TN:
SF:src/controllers/question.controller.ts
FN:6,(anonymous_1)
FNF:1
FNH:1
FNDA:1,(anonymous_1)
DA:3,2
DA:5,2
DA:7,1
LF:3
LH:3
BRF:0
BRH:0
end_of_record
TN:
SF:src/controllers/reponse.controller.ts
FN:5,(anonymous_1)
FNF:1
FNH:1
FNDA:1,(anonymous_1)
DA:2,2
DA:4,2
DA:6,1
LF:3
LH:3
BRF:0
BRH:0
end_of_record
TN:
SF:src/services/question.service.ts
FN:6,(anonymous_1)
FN:11,(anonymous_2)
FNF:2
FNH:2
FNDA:1,(anonymous_1)
FNDA:5,(anonymous_2)
DA:1,2
DA:4,2
DA:7,1
DA:11,5
DA:12,1
LF:5
LH:5
BRF:0
BRH:0
end_of_record
TN:
SF:src/services/reponse.service.ts
FN:5,(anonymous_1)
FN:19,(anonymous_2)
FN:25,(anonymous_3)
FN:27,(anonymous_4)
FN:28,(anonymous_5)
FN:29,(anonymous_6)
FN:29,(anonymous_7)
FN:30,(anonymous_8)
FN:30,(anonymous_9)
FNF:9
FNH:9
FNDA:1,(anonymous_1)
FNDA:1,(anonymous_2)
FNDA:5,(anonymous_3)
FNDA:5,(anonymous_4)
FNDA:5,(anonymous_5)
FNDA:4,(anonymous_6)
FNDA:4,(anonymous_7)
FNDA:1,(anonymous_8)
FNDA:1,(anonymous_9)
DA:1,2
DA:3,2
DA:6,1
DA:7,1
DA:8,0
DA:9,1
DA:10,0
DA:11,1
DA:12,1
DA:13,0
DA:14,0
DA:16,0
DA:20,1
DA:21,1
DA:25,5
DA:26,1
DA:27,5
DA:28,5
DA:29,4
DA:30,1
LF:20
LH:15
BRDA:7,0,0,0
BRDA:7,0,1,1
BRDA:9,1,0,0
BRDA:9,1,1,1
BRDA:11,2,0,1
BRDA:11,2,1,0
BRDA:13,3,0,0
BRF:7
BRH:3
end_of_record
TN:
SF:test/question.mock.ts
FNF:0
FNH:0
DA:1,1
LF:1
LH:1
BRF:0
BRH:0
end_of_record
TN:
SF:test/reponse.mock.ts
FNF:0
FNH:0
DA:1,1
LF:1
LH:1
BRF:0
BRH:0
end_of_record
